-------------------------------------------------------------------------------
Test set: TestSuite
-------------------------------------------------------------------------------
Tests run: 59, Failures: 39, Errors: 0, Skipped: 0, Time elapsed: 0.959 s <<< FAILURE! - in TestSuite
getAllActiveItemsTest(testng.ItemsTest)  Time elapsed: 0.014 s  <<< FAILURE!
java.lang.AssertionError: 

Expected: every item is hasProperty("itemIsActive", is "1")
     but: was null
	at testng.ItemsTest.getAllActiveItemsTest(ItemsTest.java:61)

getItemsCountTest(testng.ItemsTest)  Time elapsed: 0.002 s  <<< FAILURE!
java.lang.AssertionError: 

Expected: a value greater than <0>
     but: <0> was equal to <0>
	at testng.ItemsTest.getItemsCountTest(ItemsTest.java:72)

getTotalsTest(testng.ItemsTest)  Time elapsed: 0.007 s  <<< FAILURE!
java.lang.NullPointerException
	at testng.ItemsTest.getTotalsTest(ItemsTest.java:151)

getTotalsTest(testng.ItemsTest)  Time elapsed: 0.002 s  <<< FAILURE!
java.lang.NullPointerException
	at testng.ItemsTest.getTotalsTest(ItemsTest.java:151)

getTotalsTest(testng.ItemsTest)  Time elapsed: 0.003 s  <<< FAILURE!
java.lang.NullPointerException
	at testng.ItemsTest.getTotalsTest(ItemsTest.java:151)

addItemToOrderTest(testng.OrdersTest)  Time elapsed: 0.001 s  <<< FAILURE!
java.lang.AssertionError: null
	at testng.OrdersTest.addItemToOrderTest(OrdersTest.java:119)

createOrderTest(testng.OrdersTest)  Time elapsed: 0.005 s  <<< FAILURE!
java.lang.AssertionError: 

Expected: <true>
     but: was <false>
	at testng.OrdersTest.createOrderTest(OrdersTest.java:80)

getOrdersByUserTest(testng.OrdersTest)  Time elapsed: 0 s  <<< FAILURE!
java.lang.AssertionError: null
	at testng.OrdersTest.getOrdersByUserTest(OrdersTest.java:158)

getReceiptItemsTest(testng.ReceiptsTest)  Time elapsed: 0.004 s  <<< FAILURE!
java.lang.AssertionError: 

Expected: an empty collection
     but: was null
	at testng.ReceiptsTest.getReceiptItemsTest(ReceiptsTest.java:128)

getReceiptSummaryTest(testng.ReceiptsTest)  Time elapsed: 0.011 s  <<< FAILURE!
java.lang.AssertionError: 

Expected: same property values as ReceiptSummary [itemCount: <1>, orderID: null, orderTax: "$1.18", orderTotal: "$14.68", storeAddress: "Lower Manhattan, NY", storeDescription: "Papa Pizza"]
     but: was null
	at testng.ReceiptsTest.getReceiptSummaryTest(ReceiptsTest.java:72)

validateUserTest(testng.ReceiptsTest)  Time elapsed: 0.003 s  <<< FAILURE!
java.lang.AssertionError: 

Expected: <true>
     but: was <false>
	at testng.ReceiptsTest.validateUserTest(ReceiptsTest.java:100)

getItemInfoTest(testng.ReviewsTest)  Time elapsed: 0.001 s  <<< FAILURE!
java.lang.NullPointerException
	at testng.ReviewsTest.getItemInfoTest(ReviewsTest.java:104)

getPastReviewsTest(testng.ReviewsTest)  Time elapsed: 0.001 s  <<< FAILURE!
java.lang.NullPointerException
	at testng.ReviewsTest.getPastReviewsTest(ReviewsTest.java:130)

submitReviewTest(testng.ReviewsTest)  Time elapsed: 0.002 s  <<< FAILURE!
java.lang.NullPointerException
	at testng.ReviewsTest.submitReviewTest(ReviewsTest.java:65)

getAllStoresTest(testng.StoresTest)  Time elapsed: 0.018 s  <<< FAILURE!
java.lang.AssertionError: 

Expected: every item is an instance of del.res.models.Store
     but: was null
	at testng.StoresTest.getAllStoresTest(StoresTest.java:49)

createUserTest(testng.UsersTest)  Time elapsed: 0.001 s  <<< FAILURE!
java.lang.NullPointerException
	at testng.UsersTest.createUserTest(UsersTest.java:94)

createUserTest(testng.UsersTest)  Time elapsed: 0.001 s  <<< FAILURE!
java.lang.NullPointerException
	at testng.UsersTest.createUserTest(UsersTest.java:94)

createUserTest(testng.UsersTest)  Time elapsed: 0.001 s  <<< FAILURE!
java.lang.NullPointerException
	at testng.UsersTest.createUserTest(UsersTest.java:94)

createUserTest(testng.UsersTest)  Time elapsed: 0 s  <<< FAILURE!
java.lang.NullPointerException
	at testng.UsersTest.createUserTest(UsersTest.java:94)

createUserTest(testng.UsersTest)  Time elapsed: 0 s  <<< FAILURE!
java.lang.NullPointerException
	at testng.UsersTest.createUserTest(UsersTest.java:94)

createUserTest(testng.UsersTest)  Time elapsed: 0 s  <<< FAILURE!
java.lang.NullPointerException
	at testng.UsersTest.createUserTest(UsersTest.java:94)

createUserTest(testng.UsersTest)  Time elapsed: 0.001 s  <<< FAILURE!
java.lang.NullPointerException
	at testng.UsersTest.createUserTest(UsersTest.java:94)

createUserTest(testng.UsersTest)  Time elapsed: 0 s  <<< FAILURE!
java.lang.NullPointerException
	at testng.UsersTest.createUserTest(UsersTest.java:94)

createUserTest(testng.UsersTest)  Time elapsed: 0 s  <<< FAILURE!
java.lang.NullPointerException
	at testng.UsersTest.createUserTest(UsersTest.java:94)

getDetailsTest(testng.UsersTest)  Time elapsed: 0.002 s  <<< FAILURE!
java.lang.AssertionError: null
	at testng.UsersTest.getDetailsTest(UsersTest.java:154)

loginQueryTest(testng.UsersTest)  Time elapsed: 0.004 s  <<< FAILURE!
java.lang.AssertionError: 

Expected: "3"
     but: was null
	at testng.UsersTest.loginQueryTest(UsersTest.java:123)

registerQueryTest(testng.UsersTest)  Time elapsed: 0 s  <<< FAILURE!
java.lang.NullPointerException
	at testng.UsersTest.registerQueryTest(UsersTest.java:62)

registerQueryTest(testng.UsersTest)  Time elapsed: 0.001 s  <<< FAILURE!
java.lang.NullPointerException
	at testng.UsersTest.registerQueryTest(UsersTest.java:62)

registerQueryTest(testng.UsersTest)  Time elapsed: 0.001 s  <<< FAILURE!
java.lang.NullPointerException
	at testng.UsersTest.registerQueryTest(UsersTest.java:62)

updateUserTest(testng.UsersTest)  Time elapsed: 0.002 s  <<< FAILURE!
java.lang.AssertionError: null
	at testng.UsersTest.updateUserTest(UsersTest.java:207)

addItemTest(testng.ItemsTest)  Time elapsed: 0.001 s  <<< FAILURE!
java.lang.AssertionError: null
	at testng.ItemsTest.addItemTest(ItemsTest.java:277)

getAllItemsTest(testng.ItemsTest)  Time elapsed: 0.001 s  <<< FAILURE!
java.lang.AssertionError: 

Expected: every item is an instance of del.res.models.Item
     but: was null
	at testng.ItemsTest.getAllItemsTest(ItemsTest.java:166)

updateItemTest(testng.ItemsTest)  Time elapsed: 0 s  <<< FAILURE!
java.lang.NullPointerException
	at testng.ItemsTest.updateItemTest(ItemsTest.java:202)

updateItemTest(testng.ItemsTest)  Time elapsed: 0.001 s  <<< FAILURE!
java.lang.NullPointerException
	at testng.ItemsTest.updateItemTest(ItemsTest.java:202)

updateItemTest(testng.ItemsTest)  Time elapsed: 0 s  <<< FAILURE!
java.lang.NullPointerException
	at testng.ItemsTest.updateItemTest(ItemsTest.java:202)

getReviewsByUserTest(testng.ReviewsTest)  Time elapsed: 0 s  <<< FAILURE!
java.lang.NullPointerException
	at testng.ReviewsTest.getReviewsByUserTest(ReviewsTest.java:163)

getAllOrdersTest(testng.OrdersTest)  Time elapsed: 0 s  <<< FAILURE!
java.lang.NullPointerException
	at testng.OrdersTest.getAllOrdersTest(OrdersTest.java:171)

createStoreTest(testng.StoresTest)  Time elapsed: 0 s  <<< FAILURE!
java.lang.NullPointerException
	at testng.StoresTest.createStoreTest(StoresTest.java:124)

updateStoreTest(testng.StoresTest)  Time elapsed: 0 s  <<< FAILURE!
java.lang.NullPointerException
	at testng.StoresTest.updateStoreTest(StoresTest.java:86)

